2025-02-10T18:19:55.792+07:00  INFO 3452 --- [doantotnghiep_tranhuytung] [restartedMain] .e.d.DoantotnghiepTranhuytungApplication : Starting DoantotnghiepTranhuytungApplication using Java 21.0.3 with PID 3452 (C:\doantotnghiep\doantotnghiep_tranhuytung\target\classes started by admin in C:\doantotnghiep\doantotnghiep_tranhuytung)
2025-02-10T18:19:55.796+07:00  INFO 3452 --- [doantotnghiep_tranhuytung] [restartedMain] .e.d.DoantotnghiepTranhuytungApplication : No active profile set, falling back to 1 default profile: "default"
2025-02-10T18:19:55.884+07:00  INFO 3452 --- [doantotnghiep_tranhuytung] [restartedMain] .e.DevToolsPropertyDefaultsPostProcessor : Devtools property defaults active! Set 'spring.devtools.add-properties' to 'false' to disable
2025-02-10T18:19:55.885+07:00  INFO 3452 --- [doantotnghiep_tranhuytung] [restartedMain] .e.DevToolsPropertyDefaultsPostProcessor : For additional web related logging consider setting the 'logging.level.web' property to 'DEBUG'
2025-02-10T18:19:57.017+07:00  INFO 3452 --- [doantotnghiep_tranhuytung] [restartedMain] .s.d.r.c.RepositoryConfigurationDelegate : Multiple Spring Data modules found, entering strict repository configuration mode
2025-02-10T18:19:57.019+07:00  INFO 3452 --- [doantotnghiep_tranhuytung] [restartedMain] .s.d.r.c.RepositoryConfigurationDelegate : Bootstrapping Spring Data JDBC repositories in DEFAULT mode.
2025-02-10T18:19:57.048+07:00  INFO 3452 --- [doantotnghiep_tranhuytung] [restartedMain] .s.d.r.c.RepositoryConfigurationDelegate : Finished Spring Data repository scanning in 19 ms. Found 0 JDBC repository interfaces.
2025-02-10T18:19:57.068+07:00  INFO 3452 --- [doantotnghiep_tranhuytung] [restartedMain] .s.d.r.c.RepositoryConfigurationDelegate : Multiple Spring Data modules found, entering strict repository configuration mode
2025-02-10T18:19:57.070+07:00  INFO 3452 --- [doantotnghiep_tranhuytung] [restartedMain] .s.d.r.c.RepositoryConfigurationDelegate : Bootstrapping Spring Data JPA repositories in DEFAULT mode.
2025-02-10T18:19:57.081+07:00  INFO 3452 --- [doantotnghiep_tranhuytung] [restartedMain] .s.d.r.c.RepositoryConfigurationDelegate : Finished Spring Data repository scanning in 3 ms. Found 0 JPA repository interfaces.
2025-02-10T18:19:57.593+07:00  WARN 3452 --- [doantotnghiep_tranhuytung] [restartedMain] trationDelegate$BeanPostProcessorChecker : Bean 'org.springframework.ws.config.annotation.DelegatingWsConfiguration' of type [org.springframework.ws.config.annotation.DelegatingWsConfiguration$$SpringCGLIB$$0] is not eligible for getting processed by all BeanPostProcessors (for example: not eligible for auto-proxying). The currently created BeanPostProcessor [annotationActionEndpointMapping] is declared through a non-static factory method on that class; consider declaring it as static instead.
2025-02-10T18:19:57.685+07:00  INFO 3452 --- [doantotnghiep_tranhuytung] [restartedMain] .w.s.a.s.AnnotationActionEndpointMapping : Supporting [WS-Addressing August 2004, WS-Addressing 1.0]
2025-02-10T18:19:58.399+07:00  INFO 3452 --- [doantotnghiep_tranhuytung] [restartedMain] o.s.b.w.embedded.tomcat.TomcatWebServer  : Tomcat initialized with port 8080 (http)
2025-02-10T18:19:58.419+07:00  INFO 3452 --- [doantotnghiep_tranhuytung] [restartedMain] o.apache.catalina.core.StandardService   : Starting service [Tomcat]
2025-02-10T18:19:58.420+07:00  INFO 3452 --- [doantotnghiep_tranhuytung] [restartedMain] o.apache.catalina.core.StandardEngine    : Starting Servlet engine: [Apache Tomcat/10.1.34]
2025-02-10T18:19:58.500+07:00  INFO 3452 --- [doantotnghiep_tranhuytung] [restartedMain] o.a.c.c.C.[Tomcat].[localhost].[/]       : Initializing Spring embedded WebApplicationContext
2025-02-10T18:19:58.501+07:00  INFO 3452 --- [doantotnghiep_tranhuytung] [restartedMain] w.s.c.ServletWebServerApplicationContext : Root WebApplicationContext: initialization completed in 2614 ms
2025-02-10T18:19:58.803+07:00  INFO 3452 --- [doantotnghiep_tranhuytung] [restartedMain] o.hibernate.jpa.internal.util.LogHelper  : HHH000204: Processing PersistenceUnitInfo [name: default]
2025-02-10T18:19:58.919+07:00  INFO 3452 --- [doantotnghiep_tranhuytung] [restartedMain] org.hibernate.Version                    : HHH000412: Hibernate ORM core version 6.6.5.Final
2025-02-10T18:19:58.973+07:00  INFO 3452 --- [doantotnghiep_tranhuytung] [restartedMain] o.h.c.internal.RegionFactoryInitiator    : HHH000026: Second-level cache disabled
2025-02-10T18:19:59.436+07:00  INFO 3452 --- [doantotnghiep_tranhuytung] [restartedMain] o.s.o.j.p.SpringPersistenceUnitInfo      : No LoadTimeWeaver setup: ignoring JPA class transformer
2025-02-10T18:19:59.483+07:00  INFO 3452 --- [doantotnghiep_tranhuytung] [restartedMain] com.zaxxer.hikari.HikariDataSource       : HikariPool-1 - Starting...
2025-02-10T18:19:59.986+07:00  INFO 3452 --- [doantotnghiep_tranhuytung] [restartedMain] com.zaxxer.hikari.pool.HikariPool        : HikariPool-1 - Added connection ConnectionID:1 ClientConnectionId: d47ba1d9-45bc-4999-a325-a14ec38bd214
2025-02-10T18:19:59.990+07:00  INFO 3452 --- [doantotnghiep_tranhuytung] [restartedMain] com.zaxxer.hikari.HikariDataSource       : HikariPool-1 - Start completed.
2025-02-10T18:20:00.037+07:00  WARN 3452 --- [doantotnghiep_tranhuytung] [restartedMain] org.hibernate.orm.deprecation            : HHH90000025: SQLServer2012Dialect does not need to be specified explicitly using 'hibernate.dialect' (remove the property setting and it will be selected by default)
2025-02-10T18:20:00.038+07:00  WARN 3452 --- [doantotnghiep_tranhuytung] [restartedMain] org.hibernate.orm.deprecation            : HHH90000026: SQLServer2012Dialect has been deprecated; use org.hibernate.dialect.SQLServerDialect instead
2025-02-10T18:20:00.075+07:00  INFO 3452 --- [doantotnghiep_tranhuytung] [restartedMain] org.hibernate.orm.connections.pooling    : HHH10001005: Database info:
	Database JDBC URL [Connecting through datasource 'HikariDataSource (HikariPool-1)']
	Database driver: undefined/unknown
	Database version: 11.0
	Autocommit mode: undefined/unknown
	Isolation level: undefined/unknown
	Minimum pool size: undefined/unknown
	Maximum pool size: undefined/unknown
2025-02-10T18:20:01.474+07:00  INFO 3452 --- [doantotnghiep_tranhuytung] [restartedMain] o.h.e.t.j.p.i.JtaPlatformInitiator       : HHH000489: No JTA platform available (set 'hibernate.transaction.jta.platform' to enable JTA platform integration)
2025-02-10T18:20:02.091+07:00  INFO 3452 --- [doantotnghiep_tranhuytung] [restartedMain] j.LocalContainerEntityManagerFactoryBean : Initialized JPA EntityManagerFactory for persistence unit 'default'
2025-02-10T18:20:02.222+07:00  WARN 3452 --- [doantotnghiep_tranhuytung] [restartedMain] JpaBaseConfiguration$JpaWebConfiguration : spring.jpa.open-in-view is enabled by default. Therefore, database queries may be performed during view rendering. Explicitly configure spring.jpa.open-in-view to disable this warning
2025-02-10T18:20:02.556+07:00  WARN 3452 --- [doantotnghiep_tranhuytung] [restartedMain] ion$DefaultTemplateResolverConfiguration : Cannot find template location: classpath:/templates/ (please add some templates, check your Thymeleaf configuration, or set spring.thymeleaf.check-template-location=false)
2025-02-10T18:20:02.703+07:00  WARN 3452 --- [doantotnghiep_tranhuytung] [restartedMain] o.s.data.convert.CustomConversions       : Registering converter from class microsoft.sql.DateTimeOffset to class java.time.OffsetDateTime as reading converter although it doesn't convert from a store-supported type; You might want to check your annotation setup at the converter implementation
2025-02-10T18:20:02.703+07:00  WARN 3452 --- [doantotnghiep_tranhuytung] [restartedMain] o.s.data.convert.CustomConversions       : Registering converter from class microsoft.sql.DateTimeOffset to class java.time.Instant as reading converter although it doesn't convert from a store-supported type; You might want to check your annotation setup at the converter implementation
2025-02-10T18:20:02.973+07:00  INFO 3452 --- [doantotnghiep_tranhuytung] [restartedMain] o.s.b.d.a.OptionalLiveReloadServer       : LiveReload server is running on port 35729
2025-02-10T18:20:03.075+07:00  INFO 3452 --- [doantotnghiep_tranhuytung] [restartedMain] o.s.b.w.embedded.tomcat.TomcatWebServer  : Tomcat started on port 8080 (http) with context path '/'
2025-02-10T18:20:03.085+07:00  INFO 3452 --- [doantotnghiep_tranhuytung] [restartedMain] .e.d.DoantotnghiepTranhuytungApplication : Started DoantotnghiepTranhuytungApplication in 8.041 seconds (process running for 9.55)
2025-02-10T18:20:39.925+07:00  INFO 3452 --- [doantotnghiep_tranhuytung] [File Watcher] rtingClassPathChangeChangedEventListener : Restarting due to 9 class path changes (0 additions, 8 deletions, 1 modification)
2025-02-10T18:20:39.930+07:00  INFO 3452 --- [doantotnghiep_tranhuytung] [Thread-5] o.s.b.w.e.tomcat.GracefulShutdown        : Commencing graceful shutdown. Waiting for active requests to complete
2025-02-10T18:20:39.936+07:00  INFO 3452 --- [doantotnghiep_tranhuytung] [tomcat-shutdown] o.s.b.w.e.tomcat.GracefulShutdown        : Graceful shutdown complete
2025-02-10T18:20:40.160+07:00  INFO 3452 --- [doantotnghiep_tranhuytung] [Thread-5] j.LocalContainerEntityManagerFactoryBean : Closing JPA EntityManagerFactory for persistence unit 'default'
2025-02-10T18:20:40.165+07:00  INFO 3452 --- [doantotnghiep_tranhuytung] [Thread-5] com.zaxxer.hikari.HikariDataSource       : HikariPool-1 - Shutdown initiated...
2025-02-10T18:20:40.169+07:00  INFO 3452 --- [doantotnghiep_tranhuytung] [Thread-5] com.zaxxer.hikari.HikariDataSource       : HikariPool-1 - Shutdown completed.
2025-02-10T18:20:40.318+07:00  INFO 3452 --- [doantotnghiep_tranhuytung] [restartedMain] .e.d.DoantotnghiepTranhuytungApplication : Starting DoantotnghiepTranhuytungApplication using Java 21.0.3 with PID 3452 (C:\doantotnghiep\doantotnghiep_tranhuytung\target\classes started by admin in C:\doantotnghiep\doantotnghiep_tranhuytung)
2025-02-10T18:20:40.319+07:00  INFO 3452 --- [doantotnghiep_tranhuytung] [restartedMain] .e.d.DoantotnghiepTranhuytungApplication : No active profile set, falling back to 1 default profile: "default"
2025-02-10T18:20:40.629+07:00  INFO 3452 --- [doantotnghiep_tranhuytung] [restartedMain] .s.d.r.c.RepositoryConfigurationDelegate : Multiple Spring Data modules found, entering strict repository configuration mode
2025-02-10T18:20:40.629+07:00  INFO 3452 --- [doantotnghiep_tranhuytung] [restartedMain] .s.d.r.c.RepositoryConfigurationDelegate : Bootstrapping Spring Data JDBC repositories in DEFAULT mode.
2025-02-10T18:20:40.633+07:00  INFO 3452 --- [doantotnghiep_tranhuytung] [restartedMain] .s.d.r.c.RepositoryConfigurationDelegate : Finished Spring Data repository scanning in 2 ms. Found 0 JDBC repository interfaces.
2025-02-10T18:20:40.637+07:00  INFO 3452 --- [doantotnghiep_tranhuytung] [restartedMain] .s.d.r.c.RepositoryConfigurationDelegate : Multiple Spring Data modules found, entering strict repository configuration mode
2025-02-10T18:20:40.638+07:00  INFO 3452 --- [doantotnghiep_tranhuytung] [restartedMain] .s.d.r.c.RepositoryConfigurationDelegate : Bootstrapping Spring Data JPA repositories in DEFAULT mode.
2025-02-10T18:20:40.641+07:00  INFO 3452 --- [doantotnghiep_tranhuytung] [restartedMain] .s.d.r.c.RepositoryConfigurationDelegate : Finished Spring Data repository scanning in 1 ms. Found 0 JPA repository interfaces.
2025-02-10T18:20:40.723+07:00  WARN 3452 --- [doantotnghiep_tranhuytung] [restartedMain] trationDelegate$BeanPostProcessorChecker : Bean 'org.springframework.ws.config.annotation.DelegatingWsConfiguration' of type [org.springframework.ws.config.annotation.DelegatingWsConfiguration$$SpringCGLIB$$0] is not eligible for getting processed by all BeanPostProcessors (for example: not eligible for auto-proxying). The currently created BeanPostProcessor [annotationActionEndpointMapping] is declared through a non-static factory method on that class; consider declaring it as static instead.
2025-02-10T18:20:40.724+07:00  INFO 3452 --- [doantotnghiep_tranhuytung] [restartedMain] .w.s.a.s.AnnotationActionEndpointMapping : Supporting [WS-Addressing August 2004, WS-Addressing 1.0]
2025-02-10T18:20:40.803+07:00  INFO 3452 --- [doantotnghiep_tranhuytung] [restartedMain] o.s.b.w.embedded.tomcat.TomcatWebServer  : Tomcat initialized with port 8080 (http)
2025-02-10T18:20:40.806+07:00  INFO 3452 --- [doantotnghiep_tranhuytung] [restartedMain] o.apache.catalina.core.StandardService   : Starting service [Tomcat]
2025-02-10T18:20:40.807+07:00  INFO 3452 --- [doantotnghiep_tranhuytung] [restartedMain] o.apache.catalina.core.StandardEngine    : Starting Servlet engine: [Apache Tomcat/10.1.34]
2025-02-10T18:20:40.838+07:00  INFO 3452 --- [doantotnghiep_tranhuytung] [restartedMain] o.a.c.c.C.[Tomcat].[localhost].[/]       : Initializing Spring embedded WebApplicationContext
2025-02-10T18:20:40.839+07:00  INFO 3452 --- [doantotnghiep_tranhuytung] [restartedMain] w.s.c.ServletWebServerApplicationContext : Root WebApplicationContext: initialization completed in 516 ms
2025-02-10T18:20:40.913+07:00  INFO 3452 --- [doantotnghiep_tranhuytung] [restartedMain] o.hibernate.jpa.internal.util.LogHelper  : HHH000204: Processing PersistenceUnitInfo [name: default]
2025-02-10T18:20:40.921+07:00  INFO 3452 --- [doantotnghiep_tranhuytung] [restartedMain] o.h.c.internal.RegionFactoryInitiator    : HHH000026: Second-level cache disabled
2025-02-10T18:20:40.953+07:00  INFO 3452 --- [doantotnghiep_tranhuytung] [restartedMain] o.s.o.j.p.SpringPersistenceUnitInfo      : No LoadTimeWeaver setup: ignoring JPA class transformer
2025-02-10T18:20:40.955+07:00  INFO 3452 --- [doantotnghiep_tranhuytung] [restartedMain] com.zaxxer.hikari.HikariDataSource       : HikariPool-2 - Starting...
2025-02-10T18:20:40.990+07:00  INFO 3452 --- [doantotnghiep_tranhuytung] [restartedMain] com.zaxxer.hikari.pool.HikariPool        : HikariPool-2 - Added connection ConnectionID:11 ClientConnectionId: bb9ff824-b39e-4b85-8d6e-981378132a02
2025-02-10T18:20:40.990+07:00  INFO 3452 --- [doantotnghiep_tranhuytung] [restartedMain] com.zaxxer.hikari.HikariDataSource       : HikariPool-2 - Start completed.
2025-02-10T18:20:40.991+07:00  WARN 3452 --- [doantotnghiep_tranhuytung] [restartedMain] org.hibernate.orm.deprecation            : HHH90000025: SQLServer2012Dialect does not need to be specified explicitly using 'hibernate.dialect' (remove the property setting and it will be selected by default)
2025-02-10T18:20:40.992+07:00  WARN 3452 --- [doantotnghiep_tranhuytung] [restartedMain] org.hibernate.orm.deprecation            : HHH90000026: SQLServer2012Dialect has been deprecated; use org.hibernate.dialect.SQLServerDialect instead
2025-02-10T18:20:40.994+07:00  INFO 3452 --- [doantotnghiep_tranhuytung] [restartedMain] org.hibernate.orm.connections.pooling    : HHH10001005: Database info:
	Database JDBC URL [Connecting through datasource 'HikariDataSource (HikariPool-2)']
	Database driver: undefined/unknown
	Database version: 11.0
	Autocommit mode: undefined/unknown
	Isolation level: undefined/unknown
	Minimum pool size: undefined/unknown
	Maximum pool size: undefined/unknown
2025-02-10T18:20:41.242+07:00  INFO 3452 --- [doantotnghiep_tranhuytung] [restartedMain] o.h.e.t.j.p.i.JtaPlatformInitiator       : HHH000489: No JTA platform available (set 'hibernate.transaction.jta.platform' to enable JTA platform integration)
2025-02-10T18:20:42.069+07:00  INFO 3452 --- [doantotnghiep_tranhuytung] [restartedMain] j.LocalContainerEntityManagerFactoryBean : Initialized JPA EntityManagerFactory for persistence unit 'default'
2025-02-10T18:20:42.140+07:00  WARN 3452 --- [doantotnghiep_tranhuytung] [restartedMain] JpaBaseConfiguration$JpaWebConfiguration : spring.jpa.open-in-view is enabled by default. Therefore, database queries may be performed during view rendering. Explicitly configure spring.jpa.open-in-view to disable this warning
2025-02-10T18:20:42.228+07:00  WARN 3452 --- [doantotnghiep_tranhuytung] [restartedMain] ion$DefaultTemplateResolverConfiguration : Cannot find template location: classpath:/templates/ (please add some templates, check your Thymeleaf configuration, or set spring.thymeleaf.check-template-location=false)
2025-02-10T18:20:42.292+07:00  WARN 3452 --- [doantotnghiep_tranhuytung] [restartedMain] o.s.data.convert.CustomConversions       : Registering converter from class microsoft.sql.DateTimeOffset to class java.time.OffsetDateTime as reading converter although it doesn't convert from a store-supported type; You might want to check your annotation setup at the converter implementation
2025-02-10T18:20:42.293+07:00  WARN 3452 --- [doantotnghiep_tranhuytung] [restartedMain] o.s.data.convert.CustomConversions       : Registering converter from class microsoft.sql.DateTimeOffset to class java.time.Instant as reading converter although it doesn't convert from a store-supported type; You might want to check your annotation setup at the converter implementation
2025-02-10T18:20:42.424+07:00  INFO 3452 --- [doantotnghiep_tranhuytung] [restartedMain] o.s.b.d.a.OptionalLiveReloadServer       : LiveReload server is running on port 35729
2025-02-10T18:20:42.453+07:00  INFO 3452 --- [doantotnghiep_tranhuytung] [restartedMain] o.s.b.w.embedded.tomcat.TomcatWebServer  : Tomcat started on port 8080 (http) with context path '/'
2025-02-10T18:20:42.459+07:00  INFO 3452 --- [doantotnghiep_tranhuytung] [restartedMain] .e.d.DoantotnghiepTranhuytungApplication : Started DoantotnghiepTranhuytungApplication in 2.189 seconds (process running for 48.924)
2025-02-10T18:20:42.465+07:00  INFO 3452 --- [doantotnghiep_tranhuytung] [restartedMain] .ConditionEvaluationDeltaLoggingListener : Condition evaluation unchanged
2025-02-10T18:20:43.850+07:00  INFO 3452 --- [doantotnghiep_tranhuytung] [File Watcher] rtingClassPathChangeChangedEventListener : Restarting due to 8 class path changes (8 additions, 0 deletions, 0 modifications)
2025-02-10T18:20:43.852+07:00  INFO 3452 --- [doantotnghiep_tranhuytung] [Thread-7] o.s.b.w.e.tomcat.GracefulShutdown        : Commencing graceful shutdown. Waiting for active requests to complete
2025-02-10T18:20:43.855+07:00  INFO 3452 --- [doantotnghiep_tranhuytung] [tomcat-shutdown] o.s.b.w.e.tomcat.GracefulShutdown        : Graceful shutdown complete
2025-02-10T18:20:43.858+07:00  INFO 3452 --- [doantotnghiep_tranhuytung] [Thread-7] j.LocalContainerEntityManagerFactoryBean : Closing JPA EntityManagerFactory for persistence unit 'default'
2025-02-10T18:20:43.860+07:00  INFO 3452 --- [doantotnghiep_tranhuytung] [Thread-7] com.zaxxer.hikari.HikariDataSource       : HikariPool-2 - Shutdown initiated...
2025-02-10T18:20:43.862+07:00  INFO 3452 --- [doantotnghiep_tranhuytung] [Thread-7] com.zaxxer.hikari.HikariDataSource       : HikariPool-2 - Shutdown completed.
2025-02-10T18:20:43.970+07:00  INFO 3452 --- [doantotnghiep_tranhuytung] [restartedMain] .e.d.DoantotnghiepTranhuytungApplication : Starting DoantotnghiepTranhuytungApplication using Java 21.0.3 with PID 3452 (C:\doantotnghiep\doantotnghiep_tranhuytung\target\classes started by admin in C:\doantotnghiep\doantotnghiep_tranhuytung)
2025-02-10T18:20:43.970+07:00  INFO 3452 --- [doantotnghiep_tranhuytung] [restartedMain] .e.d.DoantotnghiepTranhuytungApplication : No active profile set, falling back to 1 default profile: "default"
2025-02-10T18:20:44.280+07:00  INFO 3452 --- [doantotnghiep_tranhuytung] [restartedMain] .s.d.r.c.RepositoryConfigurationDelegate : Multiple Spring Data modules found, entering strict repository configuration mode
2025-02-10T18:20:44.281+07:00  INFO 3452 --- [doantotnghiep_tranhuytung] [restartedMain] .s.d.r.c.RepositoryConfigurationDelegate : Bootstrapping Spring Data JDBC repositories in DEFAULT mode.
2025-02-10T18:20:44.284+07:00  INFO 3452 --- [doantotnghiep_tranhuytung] [restartedMain] .s.d.r.c.RepositoryConfigurationDelegate : Finished Spring Data repository scanning in 2 ms. Found 0 JDBC repository interfaces.
2025-02-10T18:20:44.289+07:00  INFO 3452 --- [doantotnghiep_tranhuytung] [restartedMain] .s.d.r.c.RepositoryConfigurationDelegate : Multiple Spring Data modules found, entering strict repository configuration mode
2025-02-10T18:20:44.290+07:00  INFO 3452 --- [doantotnghiep_tranhuytung] [restartedMain] .s.d.r.c.RepositoryConfigurationDelegate : Bootstrapping Spring Data JPA repositories in DEFAULT mode.
2025-02-10T18:20:44.293+07:00  INFO 3452 --- [doantotnghiep_tranhuytung] [restartedMain] .s.d.r.c.RepositoryConfigurationDelegate : Finished Spring Data repository scanning in 1 ms. Found 0 JPA repository interfaces.
2025-02-10T18:20:44.384+07:00  WARN 3452 --- [doantotnghiep_tranhuytung] [restartedMain] trationDelegate$BeanPostProcessorChecker : Bean 'org.springframework.ws.config.annotation.DelegatingWsConfiguration' of type [org.springframework.ws.config.annotation.DelegatingWsConfiguration$$SpringCGLIB$$0] is not eligible for getting processed by all BeanPostProcessors (for example: not eligible for auto-proxying). The currently created BeanPostProcessor [annotationActionEndpointMapping] is declared through a non-static factory method on that class; consider declaring it as static instead.
2025-02-10T18:20:44.386+07:00  INFO 3452 --- [doantotnghiep_tranhuytung] [restartedMain] .w.s.a.s.AnnotationActionEndpointMapping : Supporting [WS-Addressing August 2004, WS-Addressing 1.0]
2025-02-10T18:20:44.462+07:00  INFO 3452 --- [doantotnghiep_tranhuytung] [restartedMain] o.s.b.w.embedded.tomcat.TomcatWebServer  : Tomcat initialized with port 8080 (http)
2025-02-10T18:20:44.463+07:00  INFO 3452 --- [doantotnghiep_tranhuytung] [restartedMain] o.apache.catalina.core.StandardService   : Starting service [Tomcat]
2025-02-10T18:20:44.463+07:00  INFO 3452 --- [doantotnghiep_tranhuytung] [restartedMain] o.apache.catalina.core.StandardEngine    : Starting Servlet engine: [Apache Tomcat/10.1.34]
2025-02-10T18:20:44.490+07:00  INFO 3452 --- [doantotnghiep_tranhuytung] [restartedMain] o.a.c.c.C.[Tomcat].[localhost].[/]       : Initializing Spring embedded WebApplicationContext
2025-02-10T18:20:44.491+07:00  INFO 3452 --- [doantotnghiep_tranhuytung] [restartedMain] w.s.c.ServletWebServerApplicationContext : Root WebApplicationContext: initialization completed in 518 ms
2025-02-10T18:20:44.557+07:00  INFO 3452 --- [doantotnghiep_tranhuytung] [restartedMain] o.hibernate.jpa.internal.util.LogHelper  : HHH000204: Processing PersistenceUnitInfo [name: default]
2025-02-10T18:20:44.565+07:00  INFO 3452 --- [doantotnghiep_tranhuytung] [restartedMain] o.h.c.internal.RegionFactoryInitiator    : HHH000026: Second-level cache disabled
2025-02-10T18:20:44.589+07:00  INFO 3452 --- [doantotnghiep_tranhuytung] [restartedMain] o.s.o.j.p.SpringPersistenceUnitInfo      : No LoadTimeWeaver setup: ignoring JPA class transformer
2025-02-10T18:20:44.591+07:00  INFO 3452 --- [doantotnghiep_tranhuytung] [restartedMain] com.zaxxer.hikari.HikariDataSource       : HikariPool-3 - Starting...
2025-02-10T18:20:44.615+07:00  INFO 3452 --- [doantotnghiep_tranhuytung] [restartedMain] com.zaxxer.hikari.pool.HikariPool        : HikariPool-3 - Added connection ConnectionID:21 ClientConnectionId: a8a5c352-d4bd-4594-9039-8a277e91fff4
2025-02-10T18:20:44.615+07:00  INFO 3452 --- [doantotnghiep_tranhuytung] [restartedMain] com.zaxxer.hikari.HikariDataSource       : HikariPool-3 - Start completed.
2025-02-10T18:20:44.616+07:00  WARN 3452 --- [doantotnghiep_tranhuytung] [restartedMain] org.hibernate.orm.deprecation            : HHH90000025: SQLServer2012Dialect does not need to be specified explicitly using 'hibernate.dialect' (remove the property setting and it will be selected by default)
2025-02-10T18:20:44.616+07:00  WARN 3452 --- [doantotnghiep_tranhuytung] [restartedMain] org.hibernate.orm.deprecation            : HHH90000026: SQLServer2012Dialect has been deprecated; use org.hibernate.dialect.SQLServerDialect instead
2025-02-10T18:20:44.618+07:00  INFO 3452 --- [doantotnghiep_tranhuytung] [restartedMain] org.hibernate.orm.connections.pooling    : HHH10001005: Database info:
	Database JDBC URL [Connecting through datasource 'HikariDataSource (HikariPool-3)']
	Database driver: undefined/unknown
	Database version: 11.0
	Autocommit mode: undefined/unknown
	Isolation level: undefined/unknown
	Minimum pool size: undefined/unknown
	Maximum pool size: undefined/unknown
2025-02-10T18:20:44.797+07:00  INFO 3452 --- [doantotnghiep_tranhuytung] [restartedMain] o.h.e.t.j.p.i.JtaPlatformInitiator       : HHH000489: No JTA platform available (set 'hibernate.transaction.jta.platform' to enable JTA platform integration)
2025-02-10T18:20:44.866+07:00  INFO 3452 --- [doantotnghiep_tranhuytung] [restartedMain] j.LocalContainerEntityManagerFactoryBean : Initialized JPA EntityManagerFactory for persistence unit 'default'
2025-02-10T18:20:44.918+07:00  WARN 3452 --- [doantotnghiep_tranhuytung] [restartedMain] JpaBaseConfiguration$JpaWebConfiguration : spring.jpa.open-in-view is enabled by default. Therefore, database queries may be performed during view rendering. Explicitly configure spring.jpa.open-in-view to disable this warning
2025-02-10T18:20:44.981+07:00  WARN 3452 --- [doantotnghiep_tranhuytung] [restartedMain] ion$DefaultTemplateResolverConfiguration : Cannot find template location: classpath:/templates/ (please add some templates, check your Thymeleaf configuration, or set spring.thymeleaf.check-template-location=false)
2025-02-10T18:20:45.024+07:00  WARN 3452 --- [doantotnghiep_tranhuytung] [restartedMain] o.s.data.convert.CustomConversions       : Registering converter from class microsoft.sql.DateTimeOffset to class java.time.OffsetDateTime as reading converter although it doesn't convert from a store-supported type; You might want to check your annotation setup at the converter implementation
2025-02-10T18:20:45.025+07:00  WARN 3452 --- [doantotnghiep_tranhuytung] [restartedMain] o.s.data.convert.CustomConversions       : Registering converter from class microsoft.sql.DateTimeOffset to class java.time.Instant as reading converter although it doesn't convert from a store-supported type; You might want to check your annotation setup at the converter implementation
2025-02-10T18:20:45.111+07:00  INFO 3452 --- [doantotnghiep_tranhuytung] [restartedMain] o.s.b.d.a.OptionalLiveReloadServer       : LiveReload server is running on port 35729
2025-02-10T18:20:45.129+07:00  INFO 3452 --- [doantotnghiep_tranhuytung] [restartedMain] o.s.b.w.embedded.tomcat.TomcatWebServer  : Tomcat started on port 8080 (http) with context path '/'
2025-02-10T18:20:45.134+07:00  INFO 3452 --- [doantotnghiep_tranhuytung] [restartedMain] .e.d.DoantotnghiepTranhuytungApplication : Started DoantotnghiepTranhuytungApplication in 1.2 seconds (process running for 51.6)
2025-02-10T18:20:45.137+07:00  INFO 3452 --- [doantotnghiep_tranhuytung] [restartedMain] .ConditionEvaluationDeltaLoggingListener : Condition evaluation unchanged
2025-02-10T18:29:01.859+07:00  INFO 3452 --- [doantotnghiep_tranhuytung] [SpringApplicationShutdownHook] o.s.b.w.e.tomcat.GracefulShutdown        : Commencing graceful shutdown. Waiting for active requests to complete
2025-02-10T18:29:01.863+07:00  INFO 3452 --- [doantotnghiep_tranhuytung] [tomcat-shutdown] o.s.b.w.e.tomcat.GracefulShutdown        : Graceful shutdown complete
2025-02-10T18:29:01.867+07:00  INFO 3452 --- [doantotnghiep_tranhuytung] [SpringApplicationShutdownHook] j.LocalContainerEntityManagerFactoryBean : Closing JPA EntityManagerFactory for persistence unit 'default'
2025-02-10T18:29:01.868+07:00  INFO 3452 --- [doantotnghiep_tranhuytung] [SpringApplicationShutdownHook] com.zaxxer.hikari.HikariDataSource       : HikariPool-3 - Shutdown initiated...
2025-02-10T18:29:01.871+07:00  INFO 3452 --- [doantotnghiep_tranhuytung] [SpringApplicationShutdownHook] com.zaxxer.hikari.HikariDataSource       : HikariPool-3 - Shutdown completed.
